This is pdfTeX, Version 3.141592653-2.6-1.40.25 (TeX Live 2023/Arch Linux) (preloaded format=pdflatex 2023.9.19)  25 OCT 2023 13:52
entering extended mode
 restricted \write18 enabled.
 %&-line parsing enabled.
**libro-villancicos.tex
(./libro-villancicos.tex
LaTeX2e <2022-11-01> patch level 1
L3 programming layer <2023-02-22>
(/usr/share/texmf-dist/tex/latex/base/book.cls
Document Class: book 2022/07/02 v1.4n Standard LaTeX document class
(/usr/share/texmf-dist/tex/latex/base/bk10.clo
File: bk10.clo 2022/07/02 v1.4n Standard LaTeX file (size option)
)
\c@part=\count185
\c@chapter=\count186
\c@section=\count187
\c@subsection=\count188
\c@subsubsection=\count189
\c@paragraph=\count190
\c@subparagraph=\count191
\c@figure=\count192
\c@table=\count193
\abovecaptionskip=\skip48
\belowcaptionskip=\skip49
\bibindent=\dimen140
)
(/usr/share/texmf-dist/tex/latex/geometry/geometry.sty
Package: geometry 2020/01/02 v5.9 Page Geometry

(/usr/share/texmf-dist/tex/latex/graphics/keyval.sty
Package: keyval 2022/05/29 v1.15 key=value parser (DPC)
\KV@toks@=\toks16
)
(/usr/share/texmf-dist/tex/generic/iftex/ifvtex.sty
Package: ifvtex 2019/10/25 v1.7 ifvtex legacy package. Use iftex instead.

(/usr/share/texmf-dist/tex/generic/iftex/iftex.sty
Package: iftex 2022/02/03 v1.0f TeX engine tests
))
\Gm@cnth=\count194
\Gm@cntv=\count195
\c@Gm@tempcnt=\count196
\Gm@bindingoffset=\dimen141
\Gm@wd@mp=\dimen142
\Gm@odd@mp=\dimen143
\Gm@even@mp=\dimen144
\Gm@layoutwidth=\dimen145
\Gm@layoutheight=\dimen146
\Gm@layouthoffset=\dimen147
\Gm@layoutvoffset=\dimen148
\Gm@dimlist=\toks17
)
(/usr/share/texmf-dist/tex/generic/babel/babel.sty
Package: babel 2023/02/13 3.86 The Babel package
\babel@savecnt=\count197
\U@D=\dimen149
\l@unhyphenated=\language6

(/usr/share/texmf-dist/tex/generic/babel/txtbabel.def)
\bbl@readstream=\read2
\bbl@dirlevel=\count198

(/usr/share/texmf-dist/tex/generic/babel-spanish/spanish.ldf
Language: spanish.ldf 2021/05/27 v5.0q Spanish support from the babel system
\es@quottoks=\toks18
\es@quotdepth=\count199
Package babel Info: Making " an active character on input line 570.
Package babel Info: Making . an active character on input line 675.
Package babel Info: Making < an active character on input line 722.
Package babel Info: Making > an active character on input line 722.
))
(/usr/share/texmf-dist/tex/generic/babel/locale/es/babel-spanish.tex
Package babel Info: Importing font and identification data for spanish
(babel)             from babel-es.ini. Reported on input line 11.
)
(/usr/share/texmf-dist/tex/latex/base/inputenc.sty
Package: inputenc 2021/02/14 v1.3d Input encoding file
\inpenc@prehook=\toks19
\inpenc@posthook=\toks20
)
(/usr/share/texmf-dist/tex/latex/pdfpages/pdfpages.sty
Package: pdfpages 2022/12/19 v0.5x Insert pages of external PDF documents (AM)

(/usr/share/texmf-dist/tex/latex/base/ifthen.sty
Package: ifthen 2022/04/13 v1.1d Standard LaTeX ifthen package (DPC)
)
(/usr/share/texmf-dist/tex/latex/tools/calc.sty
Package: calc 2017/05/25 v4.3 Infix arithmetic (KKT,FJ)
\calc@Acount=\count266
\calc@Bcount=\count267
\calc@Adimen=\dimen150
\calc@Bdimen=\dimen151
\calc@Askip=\skip50
\calc@Bskip=\skip51
LaTeX Info: Redefining \setlength on input line 80.
LaTeX Info: Redefining \addtolength on input line 81.
\calc@Ccount=\count268
\calc@Cskip=\skip52
)
(/usr/share/texmf-dist/tex/latex/eso-pic/eso-pic.sty
Package: eso-pic 2020/10/14 v3.0a eso-pic (RN)
\ESO@tempdima=\dimen152
\ESO@tempdimb=\dimen153

(/usr/share/texmf-dist/tex/latex/xcolor/xcolor.sty
Package: xcolor 2022/06/12 v2.14 LaTeX color extensions (UK)

(/usr/share/texmf-dist/tex/latex/graphics-cfg/color.cfg
File: color.cfg 2016/01/02 v1.6 sample color configuration
)
Package xcolor Info: Driver file: pdftex.def on input line 227.

(/usr/share/texmf-dist/tex/latex/graphics-def/pdftex.def
File: pdftex.def 2022/09/22 v1.2b Graphics/color driver for pdftex
)
(/usr/share/texmf-dist/tex/latex/graphics/mathcolor.ltx)
Package xcolor Info: Model `cmy' substituted by `cmy0' on input line 1353.
Package xcolor Info: Model `hsb' substituted by `rgb' on input line 1357.
Package xcolor Info: Model `RGB' extended on input line 1369.
Package xcolor Info: Model `HTML' substituted by `rgb' on input line 1371.
Package xcolor Info: Model `Hsb' substituted by `hsb' on input line 1372.
Package xcolor Info: Model `tHsb' substituted by `hsb' on input line 1373.
Package xcolor Info: Model `HSB' substituted by `hsb' on input line 1374.
Package xcolor Info: Model `Gray' substituted by `gray' on input line 1375.
Package xcolor Info: Model `wave' substituted by `hsb' on input line 1376.
))
(/usr/share/texmf-dist/tex/latex/graphics/graphicx.sty
Package: graphicx 2021/09/16 v1.2d Enhanced LaTeX Graphics (DPC,SPQR)

(/usr/share/texmf-dist/tex/latex/graphics/graphics.sty
Package: graphics 2022/03/10 v1.4e Standard LaTeX Graphics (DPC,SPQR)

(/usr/share/texmf-dist/tex/latex/graphics/trig.sty
Package: trig 2021/08/11 v1.11 sin cos tan (DPC)
)
(/usr/share/texmf-dist/tex/latex/graphics-cfg/graphics.cfg
File: graphics.cfg 2016/06/04 v1.11 sample graphics configuration
)
Package graphics Info: Driver file: pdftex.def on input line 107.
)
\Gin@req@height=\dimen154
\Gin@req@width=\dimen155
)
\AM@pagewidth=\dimen156
\AM@pageheight=\dimen157
\AM@fboxrule=\dimen158

(/usr/share/texmf-dist/tex/latex/pdfpages/pppdftex.def
File: pppdftex.def 2022/12/19 v0.5x Pdfpages driver for pdfTeX (AM)
)
\pdfpages@includegraphics@status=\count269
\AM@pagebox=\box51
\AM@global@opts=\toks21
\AM@pagecnt=\count270
\AM@toc@title=\toks22
\AM@lof@heading=\toks23
\c@AM@survey=\count271
\AM@templatesizebox=\box52
)
(/usr/share/texmf-dist/tex/latex/hyperref/hyperref.sty
Package: hyperref 2023-02-07 v7.00v Hypertext links for LaTeX

(/usr/share/texmf-dist/tex/generic/ltxcmds/ltxcmds.sty
Package: ltxcmds 2020-05-10 v1.25 LaTeX kernel commands for general use (HO)
)
(/usr/share/texmf-dist/tex/generic/pdftexcmds/pdftexcmds.sty
Package: pdftexcmds 2020-06-27 v0.33 Utility functions of pdfTeX for LuaTeX (HO
)

(/usr/share/texmf-dist/tex/generic/infwarerr/infwarerr.sty
Package: infwarerr 2019/12/03 v1.5 Providing info/warning/error messages (HO)
)
Package pdftexcmds Info: \pdf@primitive is available.
Package pdftexcmds Info: \pdf@ifprimitive is available.
Package pdftexcmds Info: \pdfdraftmode found.
)
(/usr/share/texmf-dist/tex/latex/kvsetkeys/kvsetkeys.sty
Package: kvsetkeys 2022-10-05 v1.19 Key value parser (HO)
)
(/usr/share/texmf-dist/tex/generic/kvdefinekeys/kvdefinekeys.sty
Package: kvdefinekeys 2019-12-19 v1.6 Define keys (HO)
)
(/usr/share/texmf-dist/tex/generic/pdfescape/pdfescape.sty
Package: pdfescape 2019/12/09 v1.15 Implements pdfTeX's escape features (HO)
)
(/usr/share/texmf-dist/tex/latex/hycolor/hycolor.sty
Package: hycolor 2020-01-27 v1.10 Color options for hyperref/bookmark (HO)
)
(/usr/share/texmf-dist/tex/latex/letltxmacro/letltxmacro.sty
Package: letltxmacro 2019/12/03 v1.6 Let assignment for LaTeX macros (HO)
)
(/usr/share/texmf-dist/tex/latex/auxhook/auxhook.sty
Package: auxhook 2019-12-17 v1.6 Hooks for auxiliary files (HO)
)
(/usr/share/texmf-dist/tex/latex/hyperref/nameref.sty
Package: nameref 2022-05-17 v2.50 Cross-referencing by name of section

(/usr/share/texmf-dist/tex/latex/refcount/refcount.sty
Package: refcount 2019/12/15 v3.6 Data extraction from label references (HO)
)
(/usr/share/texmf-dist/tex/generic/gettitlestring/gettitlestring.sty
Package: gettitlestring 2019/12/15 v1.6 Cleanup title references (HO)

(/usr/share/texmf-dist/tex/latex/kvoptions/kvoptions.sty
Package: kvoptions 2022-06-15 v3.15 Key value format for package options (HO)
))
\c@section@level=\count272
)
\@linkdim=\dimen159
\Hy@linkcounter=\count273
\Hy@pagecounter=\count274

(/usr/share/texmf-dist/tex/latex/hyperref/pd1enc.def
File: pd1enc.def 2023-02-07 v7.00v Hyperref: PDFDocEncoding definition (HO)
Now handling font encoding PD1 ...
... no UTF-8 mapping file for font encoding PD1
)
(/usr/share/texmf-dist/tex/generic/intcalc/intcalc.sty
Package: intcalc 2019/12/15 v1.3 Expandable calculations with integers (HO)
)
(/usr/share/texmf-dist/tex/generic/etexcmds/etexcmds.sty
Package: etexcmds 2019/12/15 v1.7 Avoid name clashes with e-TeX commands (HO)
)
\Hy@SavedSpaceFactor=\count275

(/usr/share/texmf-dist/tex/latex/hyperref/puenc.def
File: puenc.def 2023-02-07 v7.00v Hyperref: PDF Unicode definition (HO)
Now handling font encoding PU ...
... no UTF-8 mapping file for font encoding PU
)
Package hyperref Info: Option `pdfpagelabels' set `true' on input line 4060.
Package hyperref Info: Hyper figures OFF on input line 4177.
Package hyperref Info: Link nesting OFF on input line 4182.
Package hyperref Info: Hyper index ON on input line 4185.
Package hyperref Info: Plain pages OFF on input line 4192.
Package hyperref Info: Backreferencing OFF on input line 4197.
Package hyperref Info: Implicit mode ON; LaTeX internals redefined.
Package hyperref Info: Bookmarks ON on input line 4425.
\c@Hy@tempcnt=\count276

(/usr/share/texmf-dist/tex/latex/url/url.sty
\Urlmuskip=\muskip16
Package: url 2013/09/16  ver 3.4  Verb mode for urls, etc.
)
LaTeX Info: Redefining \url on input line 4763.
\XeTeXLinkMargin=\dimen160

(/usr/share/texmf-dist/tex/generic/bitset/bitset.sty
Package: bitset 2019/12/09 v1.3 Handle bit-vector datatype (HO)

(/usr/share/texmf-dist/tex/generic/bigintcalc/bigintcalc.sty
Package: bigintcalc 2019/12/15 v1.5 Expandable calculations on big integers (HO
)
))
\Fld@menulength=\count277
\Field@Width=\dimen161
\Fld@charsize=\dimen162
Package hyperref Info: Hyper figures OFF on input line 6042.
Package hyperref Info: Link nesting OFF on input line 6047.
Package hyperref Info: Hyper index ON on input line 6050.
Package hyperref Info: backreferencing OFF on input line 6057.
Package hyperref Info: Link coloring OFF on input line 6062.
Package hyperref Info: Link coloring with OCG OFF on input line 6067.
Package hyperref Info: PDF/A mode OFF on input line 6072.

(/usr/share/texmf-dist/tex/latex/base/atbegshi-ltx.sty
Package: atbegshi-ltx 2021/01/10 v1.0c Emulation of the original atbegshi
package with kernel methods
)
\Hy@abspage=\count278
\c@Item=\count279
\c@Hfootnote=\count280
)
Package hyperref Info: Driver: hpdftex.

(/usr/share/texmf-dist/tex/latex/hyperref/hpdftex.def
File: hpdftex.def 2023-02-07 v7.00v Hyperref driver for pdfTeX

(/usr/share/texmf-dist/tex/latex/base/atveryend-ltx.sty
Package: atveryend-ltx 2020/08/19 v1.0a Emulation of the original atveryend pac
kage
with kernel methods
)
\Fld@listcount=\count281
\c@bookmark@seq@number=\count282

(/usr/share/texmf-dist/tex/latex/rerunfilecheck/rerunfilecheck.sty
Package: rerunfilecheck 2022-07-10 v1.10 Rerun checks for auxiliary files (HO)

(/usr/share/texmf-dist/tex/generic/uniquecounter/uniquecounter.sty
Package: uniquecounter 2019/12/15 v1.4 Provide unlimited unique counter (HO)
)
Package uniquecounter Info: New unique counter `rerunfilecheck' on input line 2
85.
)
\Hy@SectionHShift=\skip53
)
(/usr/share/texmf-dist/tex/latex/fontawesome5/fontawesome5.sty
(/usr/share/texmf-dist/tex/latex/l3kernel/expl3.sty
Package: expl3 2023-02-22 L3 programming layer (loader) 

(/usr/share/texmf-dist/tex/latex/l3backend/l3backend-pdftex.def
File: l3backend-pdftex.def 2023-01-16 L3 backend support: PDF output (pdfTeX)
\l__color_backend_stack_int=\count283
\l__pdf_internal_box=\box53
))
Package: fontawesome5 2022/05/02 v5.15.4 Font Awesome 5

(/usr/share/texmf-dist/tex/latex/l3packages/l3keys2e/l3keys2e.sty
Package: l3keys2e 2023-02-02 LaTeX2e option processing using LaTeX3 keys
)
(/usr/share/texmf-dist/tex/latex/l3packages/xparse/xparse.sty
Package: xparse 2023-02-02 L3 Experimental document command parser
)
(/usr/share/texmf-dist/tex/latex/fontawesome5/fontawesome5-generic-helper.sty
Package: fontawesome5-generic-helper 2022/05/02 v5.15.4 non-uTeX helper for fon
tawesome5

(/usr/share/texmf-dist/tex/latex/fontawesome5/fontawesome5-mapping.def)))
(/usr/share/texmf-dist/tex/latex/fancyhdr/fancyhdr.sty
Package: fancyhdr 2022/11/09 v4.1 Extensive control of page headers and footers

\f@nch@headwidth=\skip54
\f@nch@O@elh=\skip55
\f@nch@O@erh=\skip56
\f@nch@O@olh=\skip57
\f@nch@O@orh=\skip58
\f@nch@O@elf=\skip59
\f@nch@O@erf=\skip60
\f@nch@O@olf=\skip61
\f@nch@O@orf=\skip62
)
Package hyperref Info: Option `colorlinks' set `true' on input line 21.

(./libro-villancicos.aux
LaTeX Info: Redefining \. on input line 22.
LaTeX Info: Redefining \% on input line 22.
)
\openout1 = `libro-villancicos.aux'.

LaTeX Font Info:    Checking defaults for OML/cmm/m/it on input line 27.
LaTeX Font Info:    ... okay on input line 27.
LaTeX Font Info:    Checking defaults for OMS/cmsy/m/n on input line 27.
LaTeX Font Info:    ... okay on input line 27.
LaTeX Font Info:    Checking defaults for OT1/cmr/m/n on input line 27.
LaTeX Font Info:    ... okay on input line 27.
LaTeX Font Info:    Checking defaults for T1/cmr/m/n on input line 27.
LaTeX Font Info:    ... okay on input line 27.
LaTeX Font Info:    Checking defaults for TS1/cmr/m/n on input line 27.
LaTeX Font Info:    ... okay on input line 27.
LaTeX Font Info:    Checking defaults for OMX/cmex/m/n on input line 27.
LaTeX Font Info:    ... okay on input line 27.
LaTeX Font Info:    Checking defaults for U/cmr/m/n on input line 27.
LaTeX Font Info:    ... okay on input line 27.
LaTeX Font Info:    Checking defaults for PD1/pdf/m/n on input line 27.
LaTeX Font Info:    ... okay on input line 27.
LaTeX Font Info:    Checking defaults for PU/pdf/m/n on input line 27.
LaTeX Font Info:    ... okay on input line 27.

*geometry* driver: auto-detecting
*geometry* detected driver: pdftex
*geometry* verbose mode - [ preamble ] result:
* driver: pdftex
* paper: <default>
* layout: <same size as paper>
* layoutoffset:(h,v)=(0.0pt,0.0pt)
* modes: twoside 
* h-part:(L,W,R)=(56.9055pt, 500.484pt, 56.9055pt)
* v-part:(T,H,B)=(56.9055pt, 681.15898pt, 56.9055pt)
* \paperwidth=614.295pt
* \paperheight=794.96999pt
* \textwidth=500.484pt
* \textheight=681.15898pt
* \oddsidemargin=-15.36449pt
* \evensidemargin=-15.36449pt
* \topmargin=-45.43198pt
* \headheight=12.0pt
* \headsep=18.06749pt
* \topskip=10.0pt
* \footskip=25.29494pt
* \marginparwidth=125.0pt
* \marginparsep=7.0pt
* \columnsep=10.0pt
* \skip\footins=9.0pt plus 4.0pt minus 2.0pt
* \hoffset=0.0pt
* \voffset=0.0pt
* \mag=1000
* \@twocolumnfalse
* \@twosidetrue
* \@mparswitchtrue
* \@reversemarginfalse
* (1in=72.27pt=25.4mm, 1cm=28.453pt)

LaTeX Info: Redefining \. on input line 27.
LaTeX Info: Redefining \% on input line 27.
(/usr/share/texmf-dist/tex/context/base/mkii/supp-pdf.mkii
[Loading MPS to PDF converter (version 2006.09.02).]
\scratchcounter=\count284
\scratchdimen=\dimen163
\scratchbox=\box54
\nofMPsegments=\count285
\nofMParguments=\count286
\everyMPshowfont=\toks24
\MPscratchCnt=\count287
\MPscratchDim=\dimen164
\MPnumerator=\count288
\makeMPintoPDFobject=\count289
\everyMPtoPDFconversion=\toks25
) (/usr/share/texmf-dist/tex/latex/epstopdf-pkg/epstopdf-base.sty
Package: epstopdf-base 2020-01-24 v2.11 Base part for package epstopdf
Package epstopdf-base Info: Redefining graphics rule for `.eps' on input line 4
85.

(/usr/share/texmf-dist/tex/latex/latexconfig/epstopdf-sys.cfg
File: epstopdf-sys.cfg 2010/07/13 v1.3 Configuration of (r)epstopdf for TeX Liv
e
))
(/usr/share/texmf-dist/tex/latex/pdflscape/pdflscape.sty
Package: pdflscape 2022-10-27 v0.13 Display of landscape pages in PDF

(/usr/share/texmf-dist/tex/latex/pdflscape/pdflscape-nometadata.sty
Package: pdflscape-nometadata 2022-10-28 v0.13 Display of landscape pages in PD
F (HO)

(/usr/share/texmf-dist/tex/latex/graphics/lscape.sty
Package: lscape 2020/05/28 v3.02 Landscape Pages (DPC)
)
Package pdflscape Info: Auto-detected driver: pdftex on input line 81.
))
Package hyperref Info: Link coloring ON on input line 27.

(./libro-villancicos.out) (./libro-villancicos.out)
\@outlinefile=\write3
\openout3 = `libro-villancicos.out'.



pdfTeX warning: pdflatex (file ../extend/0-portada.pdf): PDF inclusion: found P
DF version <1.7>, but at most version <1.5> allowed
<../extend/0-portada.pdf, id=4, 614.295pt x 794.97pt>
File: ../extend/0-portada.pdf Graphic file (type pdf)
<use ../extend/0-portada.pdf>
Package pdftex.def Info: ../extend/0-portada.pdf  used on input line 32.
(pdftex.def)             Requested size: 614.29349pt x 794.96806pt.


pdfTeX warning: pdflatex (file ../extend/0-portada.pdf): PDF inclusion: found P
DF version <1.7>, but at most version <1.5> allowed
File: ../extend/0-portada.pdf Graphic file (type pdf)
<use ../extend/0-portada.pdf>
Package pdftex.def Info: ../extend/0-portada.pdf  used on input line 32.
(pdftex.def)             Requested size: 614.29349pt x 794.96806pt.


pdfTeX warning: pdflatex (file ../extend/0-portada.pdf): PDF inclusion: found P
DF version <1.7>, but at most version <1.5> allowed


pdfTeX warning: pdflatex (file ../extend/0-portada.pdf): PDF inclusion: found P
DF version <1.7>, but at most version <1.5> allowed
<../extend/0-portada.pdf, id=7, page=1, 614.295pt x 794.97pt>
File: ../extend/0-portada.pdf Graphic file (type pdf)
<use ../extend/0-portada.pdf, page 1>
Package pdftex.def Info: ../extend/0-portada.pdf , page1 used on input line 32.

(pdftex.def)             Requested size: 614.29349pt x 794.96806pt.
File: ../extend/0-portada.pdf Graphic file (type pdf)
<use ../extend/0-portada.pdf, page 1>
Package pdftex.def Info: ../extend/0-portada.pdf , page1 used on input line 32.

(pdftex.def)             Requested size: 614.58406pt x 795.3441pt.
File: ../extend/0-portada.pdf Graphic file (type pdf)
<use ../extend/0-portada.pdf, page 1>
Package pdftex.def Info: ../extend/0-portada.pdf , page1 used on input line 32.

(pdftex.def)             Requested size: 614.58406pt x 795.3441pt.
File: ../extend/0-portada.pdf Graphic file (type pdf)
<use ../extend/0-portada.pdf, page 1>
Package pdftex.def Info: ../extend/0-portada.pdf , page1 used on input line 32.

(pdftex.def)             Requested size: 614.58406pt x 795.3441pt.
File: ../extend/0-portada.pdf Graphic file (type pdf)
<use ../extend/0-portada.pdf, page 1>
Package pdftex.def Info: ../extend/0-portada.pdf , page1 used on input line 32.

(pdftex.def)             Requested size: 614.58406pt x 795.3441pt.
[1

 <../extend/0-portada.pdf>]

pdfTeX warning: pdflatex (file ../extend/1-portadilla.pdf): PDF inclusion: foun
d PDF version <1.7>, but at most version <1.5> allowed
<../extend/1-portadilla.pdf, id=39, 614.295pt x 794.97pt>
File: ../extend/1-portadilla.pdf Graphic file (type pdf)
<use ../extend/1-portadilla.pdf>
Package pdftex.def Info: ../extend/1-portadilla.pdf  used on input line 36.
(pdftex.def)             Requested size: 614.29349pt x 794.96806pt.


pdfTeX warning: pdflatex (file ../extend/1-portadilla.pdf): PDF inclusion: foun
d PDF version <1.7>, but at most version <1.5> allowed
File: ../extend/1-portadilla.pdf Graphic file (type pdf)
<use ../extend/1-portadilla.pdf>
Package pdftex.def Info: ../extend/1-portadilla.pdf  used on input line 36.
(pdftex.def)             Requested size: 614.29349pt x 794.96806pt.


pdfTeX warning: pdflatex (file ../extend/1-portadilla.pdf): PDF inclusion: foun
d PDF version <1.7>, but at most version <1.5> allowed


pdfTeX warning: pdflatex (file ../extend/1-portadilla.pdf): PDF inclusion: foun
d PDF version <1.7>, but at most version <1.5> allowed
<../extend/1-portadilla.pdf, id=42, page=1, 614.295pt x 794.97pt>
File: ../extend/1-portadilla.pdf Graphic file (type pdf)
<use ../extend/1-portadilla.pdf, page 1>
Package pdftex.def Info: ../extend/1-portadilla.pdf , page1 used on input line 
36.
(pdftex.def)             Requested size: 614.29349pt x 794.96806pt.
File: ../extend/1-portadilla.pdf Graphic file (type pdf)
<use ../extend/1-portadilla.pdf, page 1>
Package pdftex.def Info: ../extend/1-portadilla.pdf , page1 used on input line 
36.
(pdftex.def)             Requested size: 614.58406pt x 795.3441pt.
File: ../extend/1-portadilla.pdf Graphic file (type pdf)
<use ../extend/1-portadilla.pdf, page 1>
Package pdftex.def Info: ../extend/1-portadilla.pdf , page1 used on input line 
36.
(pdftex.def)             Requested size: 614.58406pt x 795.3441pt.
File: ../extend/1-portadilla.pdf Graphic file (type pdf)
<use ../extend/1-portadilla.pdf, page 1>
Package pdftex.def Info: ../extend/1-portadilla.pdf , page1 used on input line 
36.
(pdftex.def)             Requested size: 614.58406pt x 795.3441pt.
File: ../extend/1-portadilla.pdf Graphic file (type pdf)
<use ../extend/1-portadilla.pdf, page 1>
Package pdftex.def Info: ../extend/1-portadilla.pdf , page1 used on input line 
36.
(pdftex.def)             Requested size: 614.58406pt x 795.3441pt.
[1 <../extend/1-portadilla.pdf>]

pdfTeX warning: pdflatex (file ../extend/2-licencia.pdf): PDF inclusion: found 
PDF version <1.7>, but at most version <1.5> allowed
<../extend/2-licencia.pdf, id=68, 614.295pt x 794.97pt>
File: ../extend/2-licencia.pdf Graphic file (type pdf)
<use ../extend/2-licencia.pdf>
Package pdftex.def Info: ../extend/2-licencia.pdf  used on input line 37.
(pdftex.def)             Requested size: 614.29349pt x 794.96806pt.


pdfTeX warning: pdflatex (file ../extend/2-licencia.pdf): PDF inclusion: found 
PDF version <1.7>, but at most version <1.5> allowed
File: ../extend/2-licencia.pdf Graphic file (type pdf)
<use ../extend/2-licencia.pdf>
Package pdftex.def Info: ../extend/2-licencia.pdf  used on input line 37.
(pdftex.def)             Requested size: 614.29349pt x 794.96806pt.


pdfTeX warning: pdflatex (file ../extend/2-licencia.pdf): PDF inclusion: found 
PDF version <1.7>, but at most version <1.5> allowed


pdfTeX warning: pdflatex (file ../extend/2-licencia.pdf): PDF inclusion: found 
PDF version <1.7>, but at most version <1.5> allowed
<../extend/2-licencia.pdf, id=71, page=1, 614.295pt x 794.97pt>
File: ../extend/2-licencia.pdf Graphic file (type pdf)
<use ../extend/2-licencia.pdf, page 1>
Package pdftex.def Info: ../extend/2-licencia.pdf , page1 used on input line 37
.
(pdftex.def)             Requested size: 614.29349pt x 794.96806pt.
File: ../extend/2-licencia.pdf Graphic file (type pdf)
<use ../extend/2-licencia.pdf, page 1>
Package pdftex.def Info: ../extend/2-licencia.pdf , page1 used on input line 37
.
(pdftex.def)             Requested size: 614.58406pt x 795.3441pt.
File: ../extend/2-licencia.pdf Graphic file (type pdf)
<use ../extend/2-licencia.pdf, page 1>
Package pdftex.def Info: ../extend/2-licencia.pdf , page1 used on input line 37
.
(pdftex.def)             Requested size: 614.58406pt x 795.3441pt.
File: ../extend/2-licencia.pdf Graphic file (type pdf)
<use ../extend/2-licencia.pdf, page 1>
Package pdftex.def Info: ../extend/2-licencia.pdf , page1 used on input line 37
.
(pdftex.def)             Requested size: 614.58406pt x 795.3441pt.
File: ../extend/2-licencia.pdf Graphic file (type pdf)
<use ../extend/2-licencia.pdf, page 1>
Package pdftex.def Info: ../extend/2-licencia.pdf , page1 used on input line 37
.
(pdftex.def)             Requested size: 614.58406pt x 795.3441pt.
[2 <../extend/2-licencia.pdf{/var/lib/texmf/fonts/map/pdftex/updmap/pdftex.map}
>]

pdfTeX warning: pdflatex (file ../extend/4-indice.pdf): PDF inclusion: found PD
F version <1.7>, but at most version <1.5> allowed
<../extend/4-indice.pdf, id=95, 614.295pt x 794.97pt>
File: ../extend/4-indice.pdf Graphic file (type pdf)
<use ../extend/4-indice.pdf>
Package pdftex.def Info: ../extend/4-indice.pdf  used on input line 38.
(pdftex.def)             Requested size: 614.29349pt x 794.96806pt.


pdfTeX warning: pdflatex (file ../extend/4-indice.pdf): PDF inclusion: found PD
F version <1.7>, but at most version <1.5> allowed
File: ../extend/4-indice.pdf Graphic file (type pdf)
<use ../extend/4-indice.pdf>
Package pdftex.def Info: ../extend/4-indice.pdf  used on input line 38.
(pdftex.def)             Requested size: 614.29349pt x 794.96806pt.


pdfTeX warning: pdflatex (file ../extend/4-indice.pdf): PDF inclusion: found PD
F version <1.7>, but at most version <1.5> allowed


pdfTeX warning: pdflatex (file ../extend/4-indice.pdf): PDF inclusion: found PD
F version <1.7>, but at most version <1.5> allowed
<../extend/4-indice.pdf, id=98, page=1, 614.295pt x 794.97pt>
File: ../extend/4-indice.pdf Graphic file (type pdf)
<use ../extend/4-indice.pdf, page 1>
Package pdftex.def Info: ../extend/4-indice.pdf , page1 used on input line 38.
(pdftex.def)             Requested size: 614.29349pt x 794.96806pt.
File: ../extend/4-indice.pdf Graphic file (type pdf)
<use ../extend/4-indice.pdf, page 1>
Package pdftex.def Info: ../extend/4-indice.pdf , page1 used on input line 38.
(pdftex.def)             Requested size: 614.58406pt x 795.3441pt.
File: ../extend/4-indice.pdf Graphic file (type pdf)
<use ../extend/4-indice.pdf, page 1>
Package pdftex.def Info: ../extend/4-indice.pdf , page1 used on input line 38.
(pdftex.def)             Requested size: 614.58406pt x 795.3441pt.
File: ../extend/4-indice.pdf Graphic file (type pdf)
<use ../extend/4-indice.pdf, page 1>
Package pdftex.def Info: ../extend/4-indice.pdf , page1 used on input line 38.
(pdftex.def)             Requested size: 614.58406pt x 795.3441pt.
File: ../extend/4-indice.pdf Graphic file (type pdf)
<use ../extend/4-indice.pdf, page 1>
Package pdftex.def Info: ../extend/4-indice.pdf , page1 used on input line 38.
(pdftex.def)             Requested size: 614.58406pt x 795.3441pt.
[3 <../extend/4-indice.pdf>]

pdfTeX warning: pdflatex (file ../extend/blank.pdf): PDF inclusion: found PDF v
ersion <1.7>, but at most version <1.5> allowed
<../extend/blank.pdf, id=114, 614.295pt x 794.97pt>
File: ../extend/blank.pdf Graphic file (type pdf)
<use ../extend/blank.pdf>
Package pdftex.def Info: ../extend/blank.pdf  used on input line 39.
(pdftex.def)             Requested size: 614.29349pt x 794.96806pt.


pdfTeX warning: pdflatex (file ../extend/blank.pdf): PDF inclusion: found PDF v
ersion <1.7>, but at most version <1.5> allowed
File: ../extend/blank.pdf Graphic file (type pdf)
<use ../extend/blank.pdf>
Package pdftex.def Info: ../extend/blank.pdf  used on input line 39.
(pdftex.def)             Requested size: 614.29349pt x 794.96806pt.


pdfTeX warning: pdflatex (file ../extend/blank.pdf): PDF inclusion: found PDF v
ersion <1.7>, but at most version <1.5> allowed


pdfTeX warning: pdflatex (file ../extend/blank.pdf): PDF inclusion: found PDF v
ersion <1.7>, but at most version <1.5> allowed
<../extend/blank.pdf, id=117, page=1, 614.295pt x 794.97pt>
File: ../extend/blank.pdf Graphic file (type pdf)
<use ../extend/blank.pdf, page 1>
Package pdftex.def Info: ../extend/blank.pdf , page1 used on input line 39.
(pdftex.def)             Requested size: 614.29349pt x 794.96806pt.
File: ../extend/blank.pdf Graphic file (type pdf)
<use ../extend/blank.pdf, page 1>
Package pdftex.def Info: ../extend/blank.pdf , page1 used on input line 39.
(pdftex.def)             Requested size: 614.58406pt x 795.3441pt.
File: ../extend/blank.pdf Graphic file (type pdf)
<use ../extend/blank.pdf, page 1>
Package pdftex.def Info: ../extend/blank.pdf , page1 used on input line 39.
(pdftex.def)             Requested size: 614.58406pt x 795.3441pt.
File: ../extend/blank.pdf Graphic file (type pdf)
<use ../extend/blank.pdf, page 1>
Package pdftex.def Info: ../extend/blank.pdf , page1 used on input line 39.
(pdftex.def)             Requested size: 614.58406pt x 795.3441pt.
File: ../extend/blank.pdf Graphic file (type pdf)
<use ../extend/blank.pdf, page 1>
Package pdftex.def Info: ../extend/blank.pdf , page1 used on input line 39.
(pdftex.def)             Requested size: 614.58406pt x 795.3441pt.
[4 <../extend/blank.pdf>]

pdfTeX warning: pdflatex (file ../extend/3-prefacio.pdf): PDF inclusion: found 
PDF version <1.7>, but at most version <1.5> allowed
<../extend/3-prefacio.pdf, id=124, 614.295pt x 794.97pt>
File: ../extend/3-prefacio.pdf Graphic file (type pdf)
<use ../extend/3-prefacio.pdf>
Package pdftex.def Info: ../extend/3-prefacio.pdf  used on input line 40.
(pdftex.def)             Requested size: 614.29349pt x 794.96806pt.


pdfTeX warning: pdflatex (file ../extend/3-prefacio.pdf): PDF inclusion: found 
PDF version <1.7>, but at most version <1.5> allowed
File: ../extend/3-prefacio.pdf Graphic file (type pdf)
<use ../extend/3-prefacio.pdf>
Package pdftex.def Info: ../extend/3-prefacio.pdf  used on input line 40.
(pdftex.def)             Requested size: 614.29349pt x 794.96806pt.


pdfTeX warning: pdflatex (file ../extend/3-prefacio.pdf): PDF inclusion: found 
PDF version <1.7>, but at most version <1.5> allowed


pdfTeX warning: pdflatex (file ../extend/3-prefacio.pdf): PDF inclusion: found 
PDF version <1.7>, but at most version <1.5> allowed
<../extend/3-prefacio.pdf, id=127, page=1, 614.295pt x 794.97pt>
File: ../extend/3-prefacio.pdf Graphic file (type pdf)
<use ../extend/3-prefacio.pdf, page 1>
Package pdftex.def Info: ../extend/3-prefacio.pdf , page1 used on input line 40
.
(pdftex.def)             Requested size: 614.29349pt x 794.96806pt.
File: ../extend/3-prefacio.pdf Graphic file (type pdf)
<use ../extend/3-prefacio.pdf, page 1>
Package pdftex.def Info: ../extend/3-prefacio.pdf , page1 used on input line 40
.
(pdftex.def)             Requested size: 614.58406pt x 795.3441pt.
File: ../extend/3-prefacio.pdf Graphic file (type pdf)
<use ../extend/3-prefacio.pdf, page 1>
Package pdftex.def Info: ../extend/3-prefacio.pdf , page1 used on input line 40
.
(pdftex.def)             Requested size: 614.58406pt x 795.3441pt.
File: ../extend/3-prefacio.pdf Graphic file (type pdf)
<use ../extend/3-prefacio.pdf, page 1>
Package pdftex.def Info: ../extend/3-prefacio.pdf , page1 used on input line 40
.
(pdftex.def)             Requested size: 614.58406pt x 795.3441pt.
File: ../extend/3-prefacio.pdf Graphic file (type pdf)
<use ../extend/3-prefacio.pdf, page 1>
Package pdftex.def Info: ../extend/3-prefacio.pdf , page1 used on input line 40
.
(pdftex.def)             Requested size: 614.58406pt x 795.3441pt.
[5 <../extend/3-prefacio.pdf>]
File: ../extend/blank.pdf Graphic file (type pdf)
<use ../extend/blank.pdf>
Package pdftex.def Info: ../extend/blank.pdf  used on input line 41.
(pdftex.def)             Requested size: 614.29349pt x 794.96806pt.


pdfTeX warning: pdflatex (file ../extend/blank.pdf): PDF inclusion: found PDF v
ersion <1.7>, but at most version <1.5> allowed
File: ../extend/blank.pdf Graphic file (type pdf)
<use ../extend/blank.pdf>
Package pdftex.def Info: ../extend/blank.pdf  used on input line 41.
(pdftex.def)             Requested size: 614.29349pt x 794.96806pt.


pdfTeX warning: pdflatex (file ../extend/blank.pdf): PDF inclusion: found PDF v
ersion <1.7>, but at most version <1.5> allowed
File: ../extend/blank.pdf Graphic file (type pdf)
<use ../extend/blank.pdf, page 1>
Package pdftex.def Info: ../extend/blank.pdf , page1 used on input line 41.
(pdftex.def)             Requested size: 614.29349pt x 794.96806pt.
File: ../extend/blank.pdf Graphic file (type pdf)
<use ../extend/blank.pdf, page 1>
Package pdftex.def Info: ../extend/blank.pdf , page1 used on input line 41.
(pdftex.def)             Requested size: 614.58406pt x 795.3441pt.
File: ../extend/blank.pdf Graphic file (type pdf)
<use ../extend/blank.pdf, page 1>
Package pdftex.def Info: ../extend/blank.pdf , page1 used on input line 41.
(pdftex.def)             Requested size: 614.58406pt x 795.3441pt.
File: ../extend/blank.pdf Graphic file (type pdf)
<use ../extend/blank.pdf, page 1>
Package pdftex.def Info: ../extend/blank.pdf , page1 used on input line 41.
(pdftex.def)             Requested size: 614.58406pt x 795.3441pt.
File: ../extend/blank.pdf Graphic file (type pdf)
<use ../extend/blank.pdf, page 1>
Package pdftex.def Info: ../extend/blank.pdf , page1 used on input line 41.
(pdftex.def)             Requested size: 614.58406pt x 795.3441pt.
[6]
<../villancicos-compilados.pdf, id=150, 614.295pt x 794.97pt>
File: ../villancicos-compilados.pdf Graphic file (type pdf)
<use ../villancicos-compilados.pdf>
Package pdftex.def Info: ../villancicos-compilados.pdf  used on input line 45.
(pdftex.def)             Requested size: 614.29349pt x 794.96806pt.
File: ../villancicos-compilados.pdf Graphic file (type pdf)
<use ../villancicos-compilados.pdf>
Package pdftex.def Info: ../villancicos-compilados.pdf  used on input line 45.
(pdftex.def)             Requested size: 614.29349pt x 794.96806pt.
<../villancicos-compilados.pdf, id=153, page=1, 614.295pt x 794.97pt>
File: ../villancicos-compilados.pdf Graphic file (type pdf)
<use ../villancicos-compilados.pdf, page 1>
Package pdftex.def Info: ../villancicos-compilados.pdf , page1 used on input li
ne 45.
(pdftex.def)             Requested size: 614.29349pt x 794.96806pt.
File: ../villancicos-compilados.pdf Graphic file (type pdf)
<use ../villancicos-compilados.pdf, page 1>
Package pdftex.def Info: ../villancicos-compilados.pdf , page1 used on input li
ne 45.
(pdftex.def)             Requested size: 614.58406pt x 795.3441pt.
File: ../villancicos-compilados.pdf Graphic file (type pdf)
<use ../villancicos-compilados.pdf, page 1>
Package pdftex.def Info: ../villancicos-compilados.pdf , page1 used on input li
ne 45.
(pdftex.def)             Requested size: 614.58406pt x 795.3441pt.
File: ../villancicos-compilados.pdf Graphic file (type pdf)
<use ../villancicos-compilados.pdf, page 1>
Package pdftex.def Info: ../villancicos-compilados.pdf , page1 used on input li
ne 45.
(pdftex.def)             Requested size: 614.58406pt x 795.3441pt.
File: ../villancicos-compilados.pdf Graphic file (type pdf)
<use ../villancicos-compilados.pdf, page 1>
Package pdftex.def Info: ../villancicos-compilados.pdf , page1 used on input li
ne 45.
(pdftex.def)             Requested size: 614.58406pt x 795.3441pt.
 [1 <../villancicos-compilados.pdf>]
<../villancicos-compilados.pdf, id=178, page=2, 614.295pt x 794.97pt>
File: ../villancicos-compilados.pdf Graphic file (type pdf)
<use ../villancicos-compilados.pdf, page 2>
Package pdftex.def Info: ../villancicos-compilados.pdf , page2 used on input li
ne 45.
(pdftex.def)             Requested size: 614.58406pt x 795.3441pt.
File: ../villancicos-compilados.pdf Graphic file (type pdf)
<use ../villancicos-compilados.pdf, page 2>
Package pdftex.def Info: ../villancicos-compilados.pdf , page2 used on input li
ne 45.
(pdftex.def)             Requested size: 614.58406pt x 795.3441pt.
File: ../villancicos-compilados.pdf Graphic file (type pdf)
<use ../villancicos-compilados.pdf, page 2>
Package pdftex.def Info: ../villancicos-compilados.pdf , page2 used on input li
ne 45.
(pdftex.def)             Requested size: 614.58406pt x 795.3441pt.
 [2 <../villancicos-compilados.pdf>]
<../villancicos-compilados.pdf, id=196, page=3, 614.295pt x 794.97pt>
File: ../villancicos-compilados.pdf Graphic file (type pdf)
<use ../villancicos-compilados.pdf, page 3>
Package pdftex.def Info: ../villancicos-compilados.pdf , page3 used on input li
ne 45.
(pdftex.def)             Requested size: 614.58406pt x 795.3441pt.
File: ../villancicos-compilados.pdf Graphic file (type pdf)
<use ../villancicos-compilados.pdf, page 3>
Package pdftex.def Info: ../villancicos-compilados.pdf , page3 used on input li
ne 45.
(pdftex.def)             Requested size: 614.58406pt x 795.3441pt.
File: ../villancicos-compilados.pdf Graphic file (type pdf)
<use ../villancicos-compilados.pdf, page 3>
Package pdftex.def Info: ../villancicos-compilados.pdf , page3 used on input li
ne 45.
(pdftex.def)             Requested size: 614.58406pt x 795.3441pt.

[3 <../villancicos-compilados.pdf>]
<../villancicos-compilados.pdf, id=219, page=4, 614.295pt x 794.97pt>
File: ../villancicos-compilados.pdf Graphic file (type pdf)
<use ../villancicos-compilados.pdf, page 4>
Package pdftex.def Info: ../villancicos-compilados.pdf , page4 used on input li
ne 45.
(pdftex.def)             Requested size: 614.58406pt x 795.3441pt.
File: ../villancicos-compilados.pdf Graphic file (type pdf)
<use ../villancicos-compilados.pdf, page 4>
Package pdftex.def Info: ../villancicos-compilados.pdf , page4 used on input li
ne 45.
(pdftex.def)             Requested size: 614.58406pt x 795.3441pt.
File: ../villancicos-compilados.pdf Graphic file (type pdf)
<use ../villancicos-compilados.pdf, page 4>
Package pdftex.def Info: ../villancicos-compilados.pdf , page4 used on input li
ne 45.
(pdftex.def)             Requested size: 614.58406pt x 795.3441pt.
 [4 <../villancicos-compilados.pdf>]
<../villancicos-compilados.pdf, id=225, page=5, 614.295pt x 794.97pt>
File: ../villancicos-compilados.pdf Graphic file (type pdf)
<use ../villancicos-compilados.pdf, page 5>
Package pdftex.def Info: ../villancicos-compilados.pdf , page5 used on input li
ne 45.
(pdftex.def)             Requested size: 614.58406pt x 795.3441pt.
File: ../villancicos-compilados.pdf Graphic file (type pdf)
<use ../villancicos-compilados.pdf, page 5>
Package pdftex.def Info: ../villancicos-compilados.pdf , page5 used on input li
ne 45.
(pdftex.def)             Requested size: 614.58406pt x 795.3441pt.
File: ../villancicos-compilados.pdf Graphic file (type pdf)
<use ../villancicos-compilados.pdf, page 5>
Package pdftex.def Info: ../villancicos-compilados.pdf , page5 used on input li
ne 45.
(pdftex.def)             Requested size: 614.58406pt x 795.3441pt.

[5 <../villancicos-compilados.pdf>]
File: ../extend/blank.pdf Graphic file (type pdf)
<use ../extend/blank.pdf>
Package pdftex.def Info: ../extend/blank.pdf  used on input line 47.
(pdftex.def)             Requested size: 614.29349pt x 794.96806pt.


pdfTeX warning: pdflatex (file ../extend/blank.pdf): PDF inclusion: found PDF v
ersion <1.7>, but at most version <1.5> allowed
File: ../extend/blank.pdf Graphic file (type pdf)
<use ../extend/blank.pdf>
Package pdftex.def Info: ../extend/blank.pdf  used on input line 47.
(pdftex.def)             Requested size: 614.29349pt x 794.96806pt.


pdfTeX warning: pdflatex (file ../extend/blank.pdf): PDF inclusion: found PDF v
ersion <1.7>, but at most version <1.5> allowed
File: ../extend/blank.pdf Graphic file (type pdf)
<use ../extend/blank.pdf, page 1>
Package pdftex.def Info: ../extend/blank.pdf , page1 used on input line 47.
(pdftex.def)             Requested size: 614.29349pt x 794.96806pt.
File: ../extend/blank.pdf Graphic file (type pdf)
<use ../extend/blank.pdf, page 1>
Package pdftex.def Info: ../extend/blank.pdf , page1 used on input line 47.
(pdftex.def)             Requested size: 614.58406pt x 795.3441pt.
File: ../extend/blank.pdf Graphic file (type pdf)
<use ../extend/blank.pdf, page 1>
Package pdftex.def Info: ../extend/blank.pdf , page1 used on input line 47.
(pdftex.def)             Requested size: 614.58406pt x 795.3441pt.
File: ../extend/blank.pdf Graphic file (type pdf)
<use ../extend/blank.pdf, page 1>
Package pdftex.def Info: ../extend/blank.pdf , page1 used on input line 47.
(pdftex.def)             Requested size: 614.58406pt x 795.3441pt.
File: ../extend/blank.pdf Graphic file (type pdf)
<use ../extend/blank.pdf, page 1>
Package pdftex.def Info: ../extend/blank.pdf , page1 used on input line 47.
(pdftex.def)             Requested size: 614.58406pt x 795.3441pt.
[6]

pdfTeX warning: pdflatex (file ../extend/5-contraportadilla.pdf): PDF inclusion
: found PDF version <1.7>, but at most version <1.5> allowed
<../extend/5-contraportadilla.pdf, id=250, 614.295pt x 794.97pt>
File: ../extend/5-contraportadilla.pdf Graphic file (type pdf)
<use ../extend/5-contraportadilla.pdf>
Package pdftex.def Info: ../extend/5-contraportadilla.pdf  used on input line 4
8.
(pdftex.def)             Requested size: 614.29349pt x 794.96806pt.


pdfTeX warning: pdflatex (file ../extend/5-contraportadilla.pdf): PDF inclusion
: found PDF version <1.7>, but at most version <1.5> allowed
File: ../extend/5-contraportadilla.pdf Graphic file (type pdf)
<use ../extend/5-contraportadilla.pdf>
Package pdftex.def Info: ../extend/5-contraportadilla.pdf  used on input line 4
8.
(pdftex.def)             Requested size: 614.29349pt x 794.96806pt.


pdfTeX warning: pdflatex (file ../extend/5-contraportadilla.pdf): PDF inclusion
: found PDF version <1.7>, but at most version <1.5> allowed


pdfTeX warning: pdflatex (file ../extend/5-contraportadilla.pdf): PDF inclusion
: found PDF version <1.7>, but at most version <1.5> allowed
<../extend/5-contraportadilla.pdf, id=253, page=1, 614.295pt x 794.97pt>
File: ../extend/5-contraportadilla.pdf Graphic file (type pdf)
<use ../extend/5-contraportadilla.pdf, page 1>
Package pdftex.def Info: ../extend/5-contraportadilla.pdf , page1 used on input
 line 48.
(pdftex.def)             Requested size: 614.29349pt x 794.96806pt.
File: ../extend/5-contraportadilla.pdf Graphic file (type pdf)
<use ../extend/5-contraportadilla.pdf, page 1>
Package pdftex.def Info: ../extend/5-contraportadilla.pdf , page1 used on input
 line 48.
(pdftex.def)             Requested size: 614.58406pt x 795.3441pt.
File: ../extend/5-contraportadilla.pdf Graphic file (type pdf)
<use ../extend/5-contraportadilla.pdf, page 1>
Package pdftex.def Info: ../extend/5-contraportadilla.pdf , page1 used on input
 line 48.
(pdftex.def)             Requested size: 614.58406pt x 795.3441pt.
File: ../extend/5-contraportadilla.pdf Graphic file (type pdf)
<use ../extend/5-contraportadilla.pdf, page 1>
Package pdftex.def Info: ../extend/5-contraportadilla.pdf , page1 used on input
 line 48.
(pdftex.def)             Requested size: 614.58406pt x 795.3441pt.
File: ../extend/5-contraportadilla.pdf Graphic file (type pdf)
<use ../extend/5-contraportadilla.pdf, page 1>
Package pdftex.def Info: ../extend/5-contraportadilla.pdf , page1 used on input
 line 48.
(pdftex.def)             Requested size: 614.58406pt x 795.3441pt.
[7 <../extend/5-contraportadilla.pdf>]

pdfTeX warning: pdflatex (file ../extend/contraportada.pdf): PDF inclusion: fou
nd PDF version <1.7>, but at most version <1.5> allowed
<../extend/contraportada.pdf, id=264, 614.295pt x 794.97pt>
File: ../extend/contraportada.pdf Graphic file (type pdf)
<use ../extend/contraportada.pdf>
Package pdftex.def Info: ../extend/contraportada.pdf  used on input line 53.
(pdftex.def)             Requested size: 614.29349pt x 794.96806pt.


pdfTeX warning: pdflatex (file ../extend/contraportada.pdf): PDF inclusion: fou
nd PDF version <1.7>, but at most version <1.5> allowed
File: ../extend/contraportada.pdf Graphic file (type pdf)
<use ../extend/contraportada.pdf>
Package pdftex.def Info: ../extend/contraportada.pdf  used on input line 53.
(pdftex.def)             Requested size: 614.29349pt x 794.96806pt.


pdfTeX warning: pdflatex (file ../extend/contraportada.pdf): PDF inclusion: fou
nd PDF version <1.7>, but at most version <1.5> allowed


pdfTeX warning: pdflatex (file ../extend/contraportada.pdf): PDF inclusion: fou
nd PDF version <1.7>, but at most version <1.5> allowed
<../extend/contraportada.pdf, id=267, page=1, 614.295pt x 794.97pt>
File: ../extend/contraportada.pdf Graphic file (type pdf)
<use ../extend/contraportada.pdf, page 1>
Package pdftex.def Info: ../extend/contraportada.pdf , page1 used on input line
 53.
(pdftex.def)             Requested size: 614.29349pt x 794.96806pt.
File: ../extend/contraportada.pdf Graphic file (type pdf)
<use ../extend/contraportada.pdf, page 1>
Package pdftex.def Info: ../extend/contraportada.pdf , page1 used on input line
 53.
(pdftex.def)             Requested size: 614.58406pt x 795.3441pt.
File: ../extend/contraportada.pdf Graphic file (type pdf)
<use ../extend/contraportada.pdf, page 1>
Package pdftex.def Info: ../extend/contraportada.pdf , page1 used on input line
 53.
(pdftex.def)             Requested size: 614.58406pt x 795.3441pt.
File: ../extend/contraportada.pdf Graphic file (type pdf)
<use ../extend/contraportada.pdf, page 1>
Package pdftex.def Info: ../extend/contraportada.pdf , page1 used on input line
 53.
(pdftex.def)             Requested size: 614.58406pt x 795.3441pt.
File: ../extend/contraportada.pdf Graphic file (type pdf)
<use ../extend/contraportada.pdf, page 1>
Package pdftex.def Info: ../extend/contraportada.pdf , page1 used on input line
 53.
(pdftex.def)             Requested size: 614.58406pt x 795.3441pt.
[8 <../extend/contraportada.pdf>] (./libro-villancicos.aux
LaTeX Info: Redefining \. on input line 22.
LaTeX Info: Redefining \% on input line 22.
)
Package rerunfilecheck Info: File `libro-villancicos.out' has not changed.
(rerunfilecheck)             Checksum: D41D8CD98F00B204E9800998ECF8427E;0.
 ) 
Here is how much of TeX's memory you used:
 14779 strings out of 477923
 256998 string characters out of 5838288
 1851388 words of memory out of 5000000
 34802 multiletter control sequences out of 15000+600000
 512287 words of font info for 32 fonts, out of 8000000 for 9000
 40 hyphenation exceptions out of 8191
 75i,17n,76p,310b,578s stack positions out of 10000i,1000n,20000p,200000b,200000s
</usr/share/texmf-dist/fonts/type1/public/amsfonts/cm/cmr10.pfb>
Output written on libro-villancicos.pdf (15 pages, 29697254 bytes).
PDF statistics:
 293 PDF objects out of 1000 (max. 8388607)
 171 compressed objects within 2 object streams
 16 named destinations out of 1000 (max. 500000)
 221 words of extra memory for PDF output out of 10000 (max. 10000000)

